Cum 05 Oca 2024 23:09:44 +03 10.0.2.15 ADRESİNE GİDİLİYOR
Cum 05 Oca 2024 23:17:50 +03 LİMAN KALDIRMA İŞLEMİ BAŞLATILIYOR----------------------------
Cum 05 Oca 2024 23:17:58 +03 LİMAN KALDIRILDI.----------------------------------------------------------------------------
Cum 05 Oca 2024 23:26:02 +03 LİMAN KURULUYOR.--------------------------------------------------------------------------------------
Cum 05 Oca 2024 23:26:02 +03 REPOLARI İNDİRİLİYOR.------------------------------------------------------------------------------
Cum 05 Oca 2024 23:26:32 +03 REPOLARIN KURULUMU TAMAMLANDI
Cum 05 Oca 2024 23:26:32 +03 Node.js KURULUYOR.--------------------------------------------------------------------------------
Cum 05 Oca 2024 23:27:04 +03 Hata: Node.js KURULUMU BAŞARISIZ!--------------------------------------------------------------
Cum 05 Oca 2024 23:28:43 +03 LİMAN KALDIRMA İŞLEMİ BAŞLATILIYOR----------------------------
Cum 05 Oca 2024 23:28:46 +03 LİMAN KALDIRILDI.----------------------------------------------------------------------------
Cum 05 Oca 2024 23:29:01 +03 LİMAN KURULUYOR.--------------------------------------------------------------------------------------
Cum 05 Oca 2024 23:29:01 +03 REPOLARI İNDİRİLİYOR.------------------------------------------------------------------------------
Cum 05 Oca 2024 23:29:23 +03 REPOLARIN KURULUMU TAMAMLANDI
Cum 05 Oca 2024 23:29:23 +03 Node.js KURULUYOR.--------------------------------------------------------------------------------
Cum 05 Oca 2024 23:29:52 +03 Node.js KURULUMU TAMAMLANDI 
Cum 05 Oca 2024 23:29:52 +03 PHP REPOLARI  EKLENİYOR.---------------------------------------------------------------------------
Cum 05 Oca 2024 23:30:33 +03 PHP REPOLARI EKLENDİ 
Cum 05 Oca 2024 23:30:33 +03 PostgreSQL REPOLAR EKLENİYOR.--------------------------------------------------------------------
Cum 05 Oca 2024 23:30:34 +03 PostgreSQL REPOLARI EKLENDİ 
Cum 05 Oca 2024 23:30:34 +03 DEBİAN PAKETİ İNDİRİLİYOR.-----------------------------------------------------------------------
Cum 05 Oca 2024 23:32:48 +03 DEBİAN PAKETİ İNDİRİLDİ 
Cum 05 Oca 2024 23:34:29 +03 GEÇİCİ GİRİŞ BİLGİLERİ VERİLDİ.---------------------------------------------------------------
Cum 05 Oca 2024 23:34:40 +03 10.0.2.15 ADRESİNE GİDİLİYOR
Cum 05 Oca 2024 23:36:29 +03 ŞİFRE SIFIRLANDI.-------------------------------------------------------------------------------------
Cum 05 Oca 2024 23:37:28 +03 LİMAN KALDIRMA İŞLEMİ BAŞLATILIYOR----------------------------
Cum 05 Oca 2024 23:37:42 +03 LİMAN KALDIRILDI.----------------------------------------------------------------------------
